<?xml version="1.0" encoding="UTF-8"?>
<testng-results skipped="0" failed="0" total="1" passed="1">
  <reporter-output>
  </reporter-output>
  <suite name="Default suite" duration-ms="231674" started-at="2020-01-10T11:13:38Z" finished-at="2020-01-10T11:17:30Z">
    <groups>
    </groups>
    <test name="Default test" duration-ms="231674" started-at="2020-01-10T11:13:38Z" finished-at="2020-01-10T11:17:30Z">
      <class name="DriverFactory.AppTest">
        <test-method status="PASS" signature="startTest()[pri:0, instance:DriverFactory.AppTest@1b604f19]" name="startTest" duration-ms="231614" started-at="2020-01-10T16:43:38Z" finished-at="2020-01-10T16:47:30Z">
          <reporter-output>
          </reporter-output>
        </test-method> <!-- startTest -->
      </class> <!-- DriverFactory.AppTest -->
    </test> <!-- Default test -->
  </suite> <!-- Default suite -->
</testng-results>
